        -:    0:Source:dominion.c
        -:    0:Graph:dominion.gcno
        -:    0:Data:dominion.gcda
        -:    0:Runs:13
        -:    0:Programs:13
        -:    1:#include "dominion.h"
        -:    2:#include "dominion_helpers.h"
        -:    3:#include "rngs.h"
        -:    4:#include <stdio.h>
        -:    5:#include <math.h>
        -:    6:#include <stdlib.h>
        -:    7:
function compare called 4866 returned 100% blocks executed 100%
     4866:    8:int compare(const void* a, const void* b) {
     4866:    9:  if (*(int*)a > *(int*)b)
branch  0 taken 677 (fallthrough)
branch  1 taken 4189
      677:   10:    return 1;
     4189:   11:  if (*(int*)a < *(int*)b)
branch  0 taken 727 (fallthrough)
branch  1 taken 3462
      727:   12:    return -1;
     3462:   13:  return 0;
        -:   14:}
        -:   15:
function newGame called 0 returned 0% blocks executed 0%
    #####:   16:struct gameState* newGame() {
    #####:   17:  struct gameState* g = malloc(sizeof(struct gameState));
    #####:   18:  return g;
        -:   19:}
        -:   20:
function kingdomCards called 1 returned 100% blocks executed 100%
        1:   21:int* kingdomCards(int k1, int k2, int k3, int k4, int k5, int k6, int k7,
        -:   22:		  int k8, int k9, int k10) {
        1:   23:  int* k = malloc(10 * sizeof(int));
        1:   24:  k[0] = k1;
        1:   25:  k[1] = k2;
        1:   26:  k[2] = k3;
        1:   27:  k[3] = k4;
        1:   28:  k[4] = k5;
        1:   29:  k[5] = k6;
        1:   30:  k[6] = k7;
        1:   31:  k[7] = k8;
        1:   32:  k[8] = k9;
        1:   33:  k[9] = k10;
        1:   34:  return k;
        -:   35:}
        -:   36:
function initializeGame called 157 returned 100% blocks executed 95%
      157:   37:int initializeGame(int numPlayers, int kingdomCards[10], int randomSeed,
        -:   38:		   struct gameState *state) {
        -:   39:
        -:   40:  int i;
        -:   41:  int j;
        -:   42:  int it;			
        -:   43:  //set up random number generator
      157:   44:  SelectStream(1);
call    0 returned 157
      157:   45:  PutSeed((long)randomSeed);
call    0 returned 157
        -:   46:  
        -:   47:  //check number of players
      157:   48:  if (numPlayers > MAX_PLAYERS || numPlayers < 2)
branch  0 taken 157 (fallthrough)
branch  1 taken 0
branch  2 taken 82 (fallthrough)
branch  3 taken 75
        -:   49:    {
       82:   50:      return -1;
        -:   51:    }
        -:   52:
        -:   53:  //set number of players
       75:   54:  state->numPlayers = numPlayers;
        -:   55:
        -:   56:  //check selected kingdom cards are different
      825:   57:  for (i = 0; i < 10; i++)
branch  0 taken 750
branch  1 taken 75 (fallthrough)
        -:   58:    {
     8250:   59:      for (j = 0; j < 10; j++)
branch  0 taken 7500
branch  1 taken 750 (fallthrough)
        -:   60:        {
     7500:   61:	  if (j != i && kingdomCards[j] == kingdomCards[i])
branch  0 taken 6750 (fallthrough)
branch  1 taken 750
branch  2 taken 0 (fallthrough)
branch  3 taken 6750
        -:   62:	    {
    #####:   63:	      return -1;
        -:   64:	    }
        -:   65:        }
        -:   66:    }
        -:   67:
        -:   68:
        -:   69:  //initialize supply
        -:   70:  ///////////////////////////////
        -:   71:
        -:   72:  //set number of Curse cards
       75:   73:  if (numPlayers == 2)
branch  0 taken 45 (fallthrough)
branch  1 taken 30
        -:   74:    {
       45:   75:      state->supplyCount[curse] = 10;
        -:   76:    }
       30:   77:  else if (numPlayers == 3)
branch  0 taken 30 (fallthrough)
branch  1 taken 0
        -:   78:    {
       30:   79:      state->supplyCount[curse] = 20;
        -:   80:    }
        -:   81:  else
        -:   82:    {
    #####:   83:      state->supplyCount[curse] = 30;
        -:   84:    }
        -:   85:
        -:   86:  //set number of Victory cards
       75:   87:  if (numPlayers == 2)
branch  0 taken 45 (fallthrough)
branch  1 taken 30
        -:   88:    {
       45:   89:      state->supplyCount[estate] = 8;
       45:   90:      state->supplyCount[duchy] = 8;
       45:   91:      state->supplyCount[province] = 8;
        -:   92:    }
        -:   93:  else
        -:   94:    {
       30:   95:      state->supplyCount[estate] = 12;
       30:   96:      state->supplyCount[duchy] = 12;
       30:   97:      state->supplyCount[province] = 12;
        -:   98:    }
        -:   99:
        -:  100:  //set number of Treasure cards
       75:  101:  state->supplyCount[copper] = 60 - (7 * numPlayers);
       75:  102:  state->supplyCount[silver] = 40;
       75:  103:  state->supplyCount[gold] = 30;
        -:  104:
        -:  105:  //set number of Kingdom cards
     1575:  106:  for (i = adventurer; i <= treasure_map; i++)       	//loop all cards
branch  0 taken 1500
branch  1 taken 75 (fallthrough)
        -:  107:    {
    12465:  108:      for (j = 0; j < 10; j++)           		//loop chosen cards
branch  0 taken 11703
branch  1 taken 762 (fallthrough)
        -:  109:	{
    11703:  110:	  if (kingdomCards[j] == i)
branch  0 taken 738 (fallthrough)
branch  1 taken 10965
        -:  111:	    {
        -:  112:	      //check if card is a 'Victory' Kingdom card
      738:  113:	      if (kingdomCards[j] == great_hall || kingdomCards[j] == gardens)
branch  0 taken 715 (fallthrough)
branch  1 taken 23
branch  2 taken 74 (fallthrough)
branch  3 taken 641
        -:  114:		{
      194:  115:		  if (numPlayers == 2){ 
branch  0 taken 59 (fallthrough)
branch  1 taken 38
       59:  116:		    state->supplyCount[i] = 8; 
        -:  117:		  }
       38:  118:		  else{ state->supplyCount[i] = 12; }
        -:  119:		}
        -:  120:	      else
        -:  121:		{
      641:  122:		  state->supplyCount[i] = 10;
        -:  123:		}
      738:  124:	      break;
        -:  125:	    }
        -:  126:	  else    //card is not in the set choosen for the game
        -:  127:	    {
    10965:  128:	      state->supplyCount[i] = -1;
        -:  129:	    }
        -:  130:	}
        -:  131:
        -:  132:    }
        -:  133:
        -:  134:  ////////////////////////
        -:  135:  //supply intilization complete
        -:  136:
        -:  137:  //set player decks
      255:  138:  for (i = 0; i < numPlayers; i++)
branch  0 taken 180
branch  1 taken 75 (fallthrough)
        -:  139:    {
      180:  140:      state->deckCount[i] = 0;
      720:  141:      for (j = 0; j < 3; j++)
branch  0 taken 540
branch  1 taken 180 (fallthrough)
        -:  142:	{
      540:  143:	  state->deck[i][j] = estate;
      540:  144:	  state->deckCount[i]++;
        -:  145:	}
     1440:  146:      for (j = 3; j < 10; j++)
branch  0 taken 1260
branch  1 taken 180 (fallthrough)
        -:  147:	{
     1260:  148:	  state->deck[i][j] = copper;
     1260:  149:	  state->deckCount[i]++;		
        -:  150:	}
        -:  151:    }
        -:  152:
        -:  153:  //shuffle player decks
      255:  154:  for (i = 0; i < numPlayers; i++)
branch  0 taken 180
branch  1 taken 75 (fallthrough)
        -:  155:    {
      180:  156:      if ( shuffle(i, state) < 0 )
call    0 returned 180
branch  1 taken 0 (fallthrough)
branch  2 taken 180
        -:  157:	{
    #####:  158:	  return -1;
        -:  159:	}
        -:  160:    }
        -:  161:
        -:  162:  //draw player hands
      255:  163:  for (i = 0; i < numPlayers; i++)
branch  0 taken 180
branch  1 taken 75 (fallthrough)
        -:  164:    {  
        -:  165:      //initialize hand size to zero
      180:  166:      state->handCount[i] = 0;
      180:  167:      state->discardCount[i] = 0;
        -:  168:      //draw 5 cards
        -:  169:      // for (j = 0; j < 5; j++)
        -:  170:      //	{
        -:  171:      //	  drawCard(i, state);
        -:  172:      //	}
        -:  173:    }
        -:  174:  
        -:  175:  //set embargo tokens to 0 for all supply piles
     2100:  176:  for (i = 0; i <= treasure_map; i++)
branch  0 taken 2025
branch  1 taken 75 (fallthrough)
        -:  177:    {
     2025:  178:      state->embargoTokens[i] = 0;
        -:  179:    }
        -:  180:
        -:  181:  //initialize first player's turn
       75:  182:  state->outpostPlayed = 0;
       75:  183:  state->phase = 0;
       75:  184:  state->numActions = 1;
       75:  185:  state->numBuys = 1;
       75:  186:  state->playedCardCount = 0;
       75:  187:  state->whoseTurn = 0;
       75:  188:  state->handCount[state->whoseTurn] = 0;
        -:  189:  //int it; move to top
        -:  190:
        -:  191:  //Moved draw cards to here, only drawing at the start of a turn
      450:  192:  for (it = 0; it < 5; it++){
branch  0 taken 375
branch  1 taken 75 (fallthrough)
      375:  193:    drawCard(state->whoseTurn, state);
call    0 returned 375
        -:  194:  }
        -:  195:
       75:  196:  updateCoins(state->whoseTurn, state, 0);
call    0 returned 75
        -:  197:
       75:  198:  return 0;
        -:  199:}
        -:  200:
function shuffle called 198 returned 100% blocks executed 100%
      198:  201:int shuffle(int player, struct gameState *state) {
        -:  202: 
        -:  203:
        -:  204:  int newDeck[MAX_DECK];
      198:  205:  int newDeckPos = 0;
        -:  206:  int card;
        -:  207:  int i;
        -:  208:
      198:  209:  if (state->deckCount[player] < 1)
branch  0 taken 15 (fallthrough)
branch  1 taken 183
       15:  210:    return -1;
      183:  211:  qsort ((void*)(state->deck[player]), state->deckCount[player], sizeof(int), compare); 
call    0 returned 183
        -:  212:  /* SORT CARDS IN DECK TO ENSURE DETERMINISM! */
        -:  213:
     2559:  214:  while (state->deckCount[player] > 0) {
branch  0 taken 2193
branch  1 taken 183 (fallthrough)
     2193:  215:    card = floor(Random() * state->deckCount[player]);
call    0 returned 2193
     2193:  216:    newDeck[newDeckPos] = state->deck[player][card];
     2193:  217:    newDeckPos++;
    39844:  218:    for (i = card; i < state->deckCount[player]-1; i++) {
branch  0 taken 37651
branch  1 taken 2193 (fallthrough)
    37651:  219:      state->deck[player][i] = state->deck[player][i+1];
        -:  220:    }
     2193:  221:    state->deckCount[player]--;
        -:  222:  }
     2376:  223:  for (i = 0; i < newDeckPos; i++) {
branch  0 taken 2193
branch  1 taken 183 (fallthrough)
     2193:  224:    state->deck[player][i] = newDeck[i];
     2193:  225:    state->deckCount[player]++;
        -:  226:  }
        -:  227:
      183:  228:  return 0;
        -:  229:}
        -:  230:
        -:  231:
function playCard called 0 returned 0% blocks executed 0%
    #####:  232:int playCard(int handPos, int choice1, int choice2, int choice3, struct gameState *state) 
        -:  233:{	
        -:  234:  int card;
    #####:  235:  int coin_bonus = 0; 		//tracks coins gain from actions
        -:  236:
        -:  237:  //check if it is the right phase
    #####:  238:  if (state->phase != 0)
branch  0 never executed
branch  1 never executed
        -:  239:    {
    #####:  240:      return -1;
        -:  241:    }
        -:  242:	
        -:  243:  //check if player has enough actions
    #####:  244:  if ( state->numActions < 1 )
branch  0 never executed
branch  1 never executed
        -:  245:    {
    #####:  246:      return -1;
        -:  247:    }
        -:  248:	
        -:  249:  //get card played
    #####:  250:  card = handCard(handPos, state);
call    0 never executed
        -:  251:	
        -:  252:  //check if selected card is an action
    #####:  253:  if ( card < adventurer || card > treasure_map )
branch  0 never executed
branch  1 never executed
branch  2 never executed
branch  3 never executed
        -:  254:    {
    #####:  255:      return -1;
        -:  256:    }
        -:  257:	
        -:  258:  //play card
    #####:  259:  if ( cardEffect(card, choice1, choice2, choice3, state, handPos, &coin_bonus) < 0 )
call    0 never executed
branch  1 never executed
branch  2 never executed
        -:  260:    {
    #####:  261:      return -1;
        -:  262:    }
        -:  263:	
        -:  264:  //reduce number of actions
    #####:  265:  state->numActions--;
        -:  266:
        -:  267:  //update coins (Treasure cards may be added with card draws)
    #####:  268:  updateCoins(state->whoseTurn, state, coin_bonus);
call    0 never executed
        -:  269:	
    #####:  270:  return 0;
        -:  271:}
        -:  272:
function buyCard called 3 returned 100% blocks executed 93%
        3:  273:int buyCard(int supplyPos, struct gameState *state) {
        -:  274:  int who;
        -:  275:  if (DEBUG){
        -:  276:    printf("Entering buyCard...\n");
        -:  277:  }
        -:  278:
        -:  279:  // I don't know what to do about the phase thing.
        -:  280:
        3:  281:  who = state->whoseTurn;
        -:  282:
        3:  283:  if (state->numBuys < 1){
branch  0 taken 1 (fallthrough)
branch  1 taken 2
        -:  284:    if (DEBUG)
        -:  285:      printf("You do not have any buys left\n");
        1:  286:    return -1;
        2:  287:  } else if (supplyCount(supplyPos, state) <1){
call    0 returned 2
branch  1 taken 0 (fallthrough)
branch  2 taken 2
        -:  288:    if (DEBUG)
        -:  289:      printf("There are not any of that type of card left\n");
    #####:  290:    return -1;
        2:  291:  } else if (state->coins < getCost(supplyPos)){
call    0 returned 2
branch  1 taken 1 (fallthrough)
branch  2 taken 1
        -:  292:    if (DEBUG) 
        -:  293:      printf("You do not have enough money to buy that. You have %d coins.\n", state->coins);
        1:  294:    return -1;
        -:  295:  } else {
        1:  296:    state->phase=1;
        -:  297:    //state->supplyCount[supplyPos]--;
        1:  298:    gainCard(supplyPos, state, 0, who); //card goes in discard, this might be wrong.. (2 means goes into hand, 0 goes into discard)
call    0 returned 1
        -:  299:  
        1:  300:    state->coins = (state->coins) - (getCost(supplyPos));
call    0 returned 1
        1:  301:    state->numBuys--;
        -:  302:    if (DEBUG)
        -:  303:      printf("You bought card number %d for %d coins. You now have %d buys and %d coins.\n", supplyPos, getCost(supplyPos), state->numBuys, state->coins);
        -:  304:  }
        -:  305:
        -:  306:  //state->discard[who][state->discardCount[who]] = supplyPos;
        -:  307:  //state->discardCount[who]++;
        -:  308:    
        1:  309:  return 0;
        -:  310:}
        -:  311:
        -:  312:
function numHandCards called 0 returned 0% blocks executed 0%
    #####:  313:int numHandCards(struct gameState *state) {
    #####:  314:  return state->handCount[ whoseTurn(state) ];
call    0 never executed
        -:  315:}
        -:  316:
function handCard called 1 returned 100% blocks executed 100%
        1:  317:int handCard(int handPos, struct gameState *state) {
        1:  318:  int currentPlayer = whoseTurn(state);
call    0 returned 1
        1:  319:  return state->hand[currentPlayer][handPos];
        -:  320:}
        -:  321:
function supplyCount called 105 returned 100% blocks executed 100%
      105:  322:int supplyCount(int card, struct gameState *state) {
      105:  323:  return state->supplyCount[card];
        -:  324:}
        -:  325:
function fullDeckCount called 1 returned 100% blocks executed 59%
        1:  326:int fullDeckCount(int player, int card, struct gameState *state) {
        -:  327:  int i;
        1:  328:  int count = 0;
        -:  329:
        1:  330:  for (i = 0; i < state->deckCount[player]; i++)
branch  0 taken 0
branch  1 taken 1 (fallthrough)
        -:  331:    {
    #####:  332:      if (state->deck[player][i] == card) count++;
branch  0 never executed
branch  1 never executed
        -:  333:    }
        -:  334:
        4:  335:  for (i = 0; i < state->handCount[player]; i++)
branch  0 taken 3
branch  1 taken 1 (fallthrough)
        -:  336:    {
        3:  337:      if (state->hand[player][i] == card) count++;
branch  0 taken 0 (fallthrough)
branch  1 taken 3
        -:  338:    }
        -:  339:
        1:  340:  for (i = 0; i < state->discardCount[player]; i++)
branch  0 taken 0
branch  1 taken 1 (fallthrough)
        -:  341:    {
    #####:  342:      if (state->discard[player][i] == card) count++;
branch  0 never executed
branch  1 never executed
        -:  343:    }
        -:  344:
        1:  345:  return count;
        -:  346:}
        -:  347:
function whoseTurn called 165 returned 100% blocks executed 100%
      165:  348:int whoseTurn(struct gameState *state) {
      165:  349:  return state->whoseTurn;
        -:  350:}
        -:  351:
function endTurn called 1 returned 100% blocks executed 86%
        1:  352:int endTurn(struct gameState *state) {
        -:  353:  int k;
        -:  354:  int i;
        1:  355:  int currentPlayer = whoseTurn(state);
call    0 returned 1
        -:  356:  
        -:  357:  //Discard hand
        1:  358:  for (i = 0; i < state->handCount[currentPlayer]; i++){
branch  0 taken 0
branch  1 taken 1 (fallthrough)
    #####:  359:    state->discard[currentPlayer][state->discardCount[currentPlayer]++] = state->hand[currentPlayer][i];//Discard
    #####:  360:    state->hand[currentPlayer][i] = -1;//Set card to -1
        -:  361:  }
        1:  362:  state->handCount[currentPlayer] = 0;//Reset hand count
        -:  363:    
        -:  364:  //Code for determining the player
        1:  365:  if (currentPlayer < (state->numPlayers - 1)){ 
branch  0 taken 0 (fallthrough)
branch  1 taken 1
    #####:  366:    state->whoseTurn = currentPlayer + 1;//Still safe to increment
        -:  367:  }
        -:  368:  else{
        1:  369:    state->whoseTurn = 0;//Max player has been reached, loop back around to player 1
        -:  370:  }
        -:  371:
        1:  372:  state->outpostPlayed = 0;
        1:  373:  state->phase = 0;
        1:  374:  state->numActions = 1;
        1:  375:  state->coins = 0;
        1:  376:  state->numBuys = 1;
        1:  377:  state->playedCardCount = 0;
        1:  378:  state->handCount[state->whoseTurn] = 0;
        -:  379:
        -:  380:  //int k; move to top
        -:  381:  //Next player draws hand
        6:  382:  for (k = 0; k < 5; k++){
branch  0 taken 5
branch  1 taken 1 (fallthrough)
        5:  383:    drawCard(state->whoseTurn, state);//Draw a card
call    0 returned 5
        -:  384:  }
        -:  385:
        -:  386:  //Update money
        1:  387:  updateCoins(state->whoseTurn, state , 0);
call    0 returned 1
        -:  388:
        1:  389:  return 0;
        -:  390:}
        -:  391:
function isGameOver called 2 returned 100% blocks executed 82%
        2:  392:int isGameOver(struct gameState *state) {
        -:  393:  int i;
        -:  394:  int j;
        -:  395:	
        -:  396:  //if stack of Province cards is empty, the game ends
        2:  397:  if (state->supplyCount[province] == 0)
branch  0 taken 1 (fallthrough)
branch  1 taken 1
        -:  398:    {
        1:  399:      return 1;
        -:  400:    }
        -:  401:
        -:  402:  //if three supply pile are at 0, the game ends
        1:  403:  j = 0;
       26:  404:  for (i = 0; i < 25; i++)
branch  0 taken 25
branch  1 taken 1 (fallthrough)
        -:  405:    {
       25:  406:      if (state->supplyCount[i] == 0)
branch  0 taken 0 (fallthrough)
branch  1 taken 25
        -:  407:	{
    #####:  408:	  j++;
        -:  409:	}
        -:  410:    }
        1:  411:  if ( j >= 3)
branch  0 taken 0 (fallthrough)
branch  1 taken 1
        -:  412:    {
    #####:  413:      return 1;
        -:  414:    }
        -:  415:
        1:  416:  return 0;
        -:  417:}
        -:  418:
function scoreFor called 2 returned 100% blocks executed 34%
        2:  419:int scoreFor (int player, struct gameState *state) {
        -:  420:
        -:  421:  int i;
        2:  422:  int score = 0;
        -:  423:  //score from hand
        7:  424:  for (i = 0; i < state->handCount[player]; i++)
branch  0 taken 5
branch  1 taken 2 (fallthrough)
        -:  425:    {
        5:  426:      if (state->hand[player][i] == curse) { score = score - 1; };
branch  0 taken 1 (fallthrough)
branch  1 taken 4
        5:  427:      if (state->hand[player][i] == estate) { score = score + 1; };
branch  0 taken 1 (fallthrough)
branch  1 taken 4
        5:  428:      if (state->hand[player][i] == duchy) { score = score + 3; };
branch  0 taken 0 (fallthrough)
branch  1 taken 5
        5:  429:      if (state->hand[player][i] == province) { score = score + 6; };
branch  0 taken 0 (fallthrough)
branch  1 taken 5
        5:  430:      if (state->hand[player][i] == great_hall) { score = score + 1; };
branch  0 taken 0 (fallthrough)
branch  1 taken 5
        5:  431:      if (state->hand[player][i] == gardens) { score = score + ( fullDeckCount(player, 0, state) / 10 ); };
branch  0 taken 0 (fallthrough)
branch  1 taken 5
call    2 never executed
        -:  432:    }
        -:  433:
        -:  434:  //score from discard
        2:  435:  for (i = 0; i < state->discardCount[player]; i++)
branch  0 taken 0
branch  1 taken 2 (fallthrough)
        -:  436:    {
    #####:  437:      if (state->discard[player][i] == curse) { score = score - 1; };
branch  0 never executed
branch  1 never executed
    #####:  438:      if (state->discard[player][i] == estate) { score = score + 1; };
branch  0 never executed
branch  1 never executed
    #####:  439:      if (state->discard[player][i] == duchy) { score = score + 3; };
branch  0 never executed
branch  1 never executed
    #####:  440:      if (state->discard[player][i] == province) { score = score + 6; };
branch  0 never executed
branch  1 never executed
    #####:  441:      if (state->discard[player][i] == great_hall) { score = score + 1; };
branch  0 never executed
branch  1 never executed
    #####:  442:      if (state->discard[player][i] == gardens) { score = score + ( fullDeckCount(player, 0, state) / 10 ); };
branch  0 never executed
branch  1 never executed
call    2 never executed
        -:  443:    }
        -:  444:
        -:  445:  //score from deck
        2:  446:  for (i = 0; i < state->discardCount[player]; i++)
branch  0 taken 0
branch  1 taken 2 (fallthrough)
        -:  447:    {
    #####:  448:      if (state->deck[player][i] == curse) { score = score - 1; };
branch  0 never executed
branch  1 never executed
    #####:  449:      if (state->deck[player][i] == estate) { score = score + 1; };
branch  0 never executed
branch  1 never executed
    #####:  450:      if (state->deck[player][i] == duchy) { score = score + 3; };
branch  0 never executed
branch  1 never executed
    #####:  451:      if (state->deck[player][i] == province) { score = score + 6; };
branch  0 never executed
branch  1 never executed
    #####:  452:      if (state->deck[player][i] == great_hall) { score = score + 1; };
branch  0 never executed
branch  1 never executed
    #####:  453:      if (state->deck[player][i] == gardens) { score = score + ( fullDeckCount(player, 0, state) / 10 ); };
branch  0 never executed
branch  1 never executed
call    2 never executed
        -:  454:    }
        -:  455:
        2:  456:  return score;
        -:  457:}
        -:  458:
function getWinners called 1 returned 100% blocks executed 91%
        1:  459:int getWinners(int players[MAX_PLAYERS], struct gameState *state) {
        -:  460:  int i;	
        -:  461:  int j;
        -:  462:  int highScore;
        -:  463:  int currentPlayer;
        -:  464:
        -:  465:  //get score for each player
        5:  466:  for (i = 0; i < MAX_PLAYERS; i++)
branch  0 taken 4
branch  1 taken 1 (fallthrough)
        -:  467:    {
        -:  468:      //set unused player scores to -9999
        4:  469:      if (i >= state->numPlayers)
branch  0 taken 2 (fallthrough)
branch  1 taken 2
        -:  470:	{
        2:  471:	  players[i] = -9999;
        -:  472:	}
        -:  473:      else
        -:  474:	{
        2:  475:	  players[i] = scoreFor (i, state);
call    0 returned 2
        -:  476:	}
        -:  477:    }
        -:  478:
        -:  479:  //find highest score
        1:  480:  j = 0;
        5:  481:  for (i = 0; i < MAX_PLAYERS; i++)
branch  0 taken 4
branch  1 taken 1 (fallthrough)
        -:  482:    {
        4:  483:      if (players[i] > players[j])
branch  0 taken 0 (fallthrough)
branch  1 taken 4
        -:  484:	{
    #####:  485:	  j = i;
        -:  486:	}
        -:  487:    }
        1:  488:  highScore = players[j];
        -:  489:
        -:  490:  //add 1 to players who had less turns
        1:  491:  currentPlayer = whoseTurn(state);
call    0 returned 1
        5:  492:  for (i = 0; i < MAX_PLAYERS; i++)
branch  0 taken 4
branch  1 taken 1 (fallthrough)
        -:  493:    {
        4:  494:      if ( players[i] == highScore && i > currentPlayer )
branch  0 taken 1 (fallthrough)
branch  1 taken 3
branch  2 taken 0 (fallthrough)
branch  3 taken 1
        -:  495:	{
    #####:  496:	  players[i]++;
        -:  497:	}
        -:  498:    }
        -:  499:
        -:  500:  //find new highest score
        1:  501:  j = 0;
        5:  502:  for (i = 0; i < MAX_PLAYERS; i++)
branch  0 taken 4
branch  1 taken 1 (fallthrough)
        -:  503:    {
        4:  504:      if ( players[i] > players[j] )
branch  0 taken 0 (fallthrough)
branch  1 taken 4
        -:  505:	{
    #####:  506:	  j = i;
        -:  507:	}
        -:  508:    }
        1:  509:  highScore = players[j];
        -:  510:
        -:  511:  //set winners in array to 1 and rest to 0
        5:  512:  for (i = 0; i < MAX_PLAYERS; i++)
branch  0 taken 4
branch  1 taken 1 (fallthrough)
        -:  513:    {
        4:  514:      if ( players[i] == highScore )
branch  0 taken 1 (fallthrough)
branch  1 taken 3
        -:  515:	{
        1:  516:	  players[i] = 1;
        -:  517:	}
        -:  518:      else
        -:  519:	{
        3:  520:	  players[i] = 0;
        -:  521:	}
        -:  522:    }
        -:  523:
        1:  524:  return 0;
        -:  525:}
        -:  526:
function drawCard called 13517 returned 100% blocks executed 100%
    13517:  527:int drawCard(int player, struct gameState *state)
        -:  528:{	int count;
        -:  529:  int deckCounter;
    13517:  530:  if (state->deckCount[player] <= 0){//Deck is empty
branch  0 taken 8 (fallthrough)
branch  1 taken 13509
        -:  531:    
        -:  532:    //Step 1 Shuffle the discard pile back into a deck
        -:  533:    int i;
        -:  534:    //Move discard to deck
      398:  535:    for (i = 0; i < state->discardCount[player];i++){
branch  0 taken 390
branch  1 taken 8 (fallthrough)
      390:  536:      state->deck[player][i] = state->discard[player][i];
      390:  537:      state->discard[player][i] = -1;
        -:  538:    }
        -:  539:
        8:  540:    state->deckCount[player] = state->discardCount[player];
        8:  541:    state->discardCount[player] = 0;//Reset discard
        -:  542:
        -:  543:    //Shufffle the deck
        8:  544:    shuffle(player, state);//Shuffle the deck up and make it so that we can draw
call    0 returned 8
        -:  545:   
        -:  546:    if (DEBUG){//Debug statements
        -:  547:      printf("Deck count now: %d\n", state->deckCount[player]);
        -:  548:    }
        -:  549:    
        8:  550:    state->discardCount[player] = 0;
        -:  551:
        -:  552:    //Step 2 Draw Card
        8:  553:    count = state->handCount[player];//Get current player's hand count
        -:  554:    
        -:  555:    if (DEBUG){//Debug statements
        -:  556:      printf("Current hand count: %d\n", count);
        -:  557:    }
        -:  558:    
        8:  559:    deckCounter = state->deckCount[player];//Create a holder for the deck count
        -:  560:
        8:  561:    if (deckCounter == 0)
branch  0 taken 6 (fallthrough)
branch  1 taken 2
        6:  562:      return -1;
        -:  563:
        2:  564:    state->hand[player][count] = state->deck[player][deckCounter - 1];//Add card to hand
        2:  565:    state->deckCount[player]--;
        2:  566:    state->handCount[player]++;//Increment hand count
        -:  567:  }
        -:  568:
        -:  569:  else{
    13509:  570:    int count = state->handCount[player];//Get current hand count for player
        -:  571:    int deckCounter;
        -:  572:    if (DEBUG){//Debug statements
        -:  573:      printf("Current hand count: %d\n", count);
        -:  574:    }
        -:  575:
    13509:  576:    deckCounter = state->deckCount[player];//Create holder for the deck count
    13509:  577:    state->hand[player][count] = state->deck[player][deckCounter - 1];//Add card to the hand
    13509:  578:    state->deckCount[player]--;
    13509:  579:    state->handCount[player]++;//Increment hand count
        -:  580:  }
        -:  581:
    13511:  582:  return 0;
        -:  583:}
        -:  584:
function getCost called 81 returned 100% blocks executed 97%
       81:  585:int getCost(int cardNumber)
        -:  586:{
       81:  587:  switch( cardNumber ) 
branch  0 taken 2
branch  1 taken 51
branch  2 taken 1
branch  3 taken 1
branch  4 taken 1
branch  5 taken 4
branch  6 taken 1
branch  7 taken 1
branch  8 taken 1
branch  9 taken 1
branch 10 taken 1
branch 11 taken 1
branch 12 taken 1
branch 13 taken 1
branch 14 taken 1
branch 15 taken 1
branch 16 taken 1
branch 17 taken 1
branch 18 taken 1
branch 19 taken 1
branch 20 taken 1
branch 21 taken 1
branch 22 taken 1
branch 23 taken 1
branch 24 taken 1
branch 25 taken 1
branch 26 taken 0
branch 27 taken 1
        -:  588:    {
        -:  589:    case curse:
        2:  590:      return 0;
        -:  591:    case estate:
       51:  592:      return 2;
        -:  593:    case duchy:
        1:  594:      return 5;
        -:  595:    case province:
        1:  596:      return 8;
        -:  597:    case copper:
        1:  598:      return 0;
        -:  599:    case silver:
        4:  600:      return 3;
        -:  601:    case gold:
        1:  602:      return 6;
        -:  603:    case adventurer:
        1:  604:      return 6;
        -:  605:    case council_room:
        1:  606:      return 5;
        -:  607:    case feast:
        1:  608:      return 4;
        -:  609:    case gardens:
        1:  610:      return 4;
        -:  611:    case mine:
        1:  612:      return 5;
        -:  613:    case remodel:
        1:  614:      return 4;
        -:  615:    case smithy:
        1:  616:      return 4;
        -:  617:    case village:
        1:  618:      return 3;
        -:  619:    case baron:
        1:  620:      return 4;
        -:  621:    case great_hall:
        1:  622:      return 3;
        -:  623:    case minion:
        1:  624:      return 5;
        -:  625:    case steward:
        1:  626:      return 3;
        -:  627:    case tribute:
        1:  628:      return 5;
        -:  629:    case ambassador:
        1:  630:      return 3;
        -:  631:    case cutpurse:
        1:  632:      return 4;
        -:  633:    case embargo: 
        1:  634:      return 2;
        -:  635:    case outpost:
        1:  636:      return 5;
        -:  637:    case salvager:
        1:  638:      return 4;
        -:  639:    case sea_hag:
        1:  640:      return 4;
        -:  641:    case treasure_map:
    #####:  642:      return 4;
        -:  643:    }
        -:  644:	
        1:  645:  return -1;
        -:  646:}
        -:  647:
function cardEffect called 162 returned 100% blocks executed 17%
      162:  648:int cardEffect(int card, int choice1, int choice2, int choice3, struct gameState *state, int handPos, int *bonus)
        -:  649:{
        -:  650:  int i;
        -:  651:  int j;
        -:  652:  int k;
        -:  653:  int x;
        -:  654:  int index;
      162:  655:  int currentPlayer = whoseTurn(state);
call    0 returned 162
      162:  656:  int nextPlayer = currentPlayer + 1;
        -:  657:
      162:  658:  int tributeRevealedCards[2] = {-1, -1};
        -:  659:  int temphand[MAX_HAND];// moved above the if statement
      162:  660:  int drawntreasure=0;
      162:  661:  int cardDrawn=0;
      162:  662:  int z = 0;// this is the counter for the temp hand
      162:  663:  if (nextPlayer > (state->numPlayers - 1)){
branch  0 taken 0 (fallthrough)
branch  1 taken 162
    #####:  664:    nextPlayer = 0;
        -:  665:  }
        -:  666:  
        -:  667:	
        -:  668:  //uses switch to select card and perform actions
      162:  669:  switch( card ) 
branch  0 taken 51
branch  1 taken 50
branch  2 taken 0
branch  3 taken 0
branch  4 taken 0
branch  5 taken 0
branch  6 taken 1
branch  7 taken 1
branch  8 taken 0
branch  9 taken 50
branch 10 taken 0
branch 11 taken 8
branch 12 taken 0
branch 13 taken 0
branch 14 taken 0
branch 15 taken 0
branch 16 taken 1
branch 17 taken 0
branch 18 taken 0
branch 19 taken 0
branch 20 taken 0
        -:  670:    {
        -:  671:		
        -:  672:	//REFACTORED CARD FOR ASSIGNMENT 2
        -:  673:    case adventurer:
       51:  674:		return adventurer_card(state, currentPlayer);
call    0 returned 51
        -:  675:			
        -:  676:	//REFACTORED CARD FOR ASSIGNMENT 2
        -:  677:    case council_room:
       50:  678:		council_room_card(state, currentPlayer, handPos);
call    0 returned 50
        -:  679:			
        -:  680:    case feast:
        -:  681:      //gain card with cost up to 5
        -:  682:      //Backup hand
    12201:  683:      for (i = 0; i <= state->handCount[currentPlayer]; i++){
branch  0 taken 12151
branch  1 taken 50 (fallthrough)
    12151:  684:	temphand[i] = state->hand[currentPlayer][i];//Backup card
    12151:  685:	state->hand[currentPlayer][i] = -1;//Set to nothing
        -:  686:      }
        -:  687:      //Backup hand
        -:  688:
        -:  689:      //Update Coins for Buy
       50:  690:      updateCoins(currentPlayer, state, 5);
call    0 returned 50
       50:  691:      x = 1;//Condition to loop on
      150:  692:      while( x == 1) {//Buy one card
branch  0 taken 50
branch  1 taken 50 (fallthrough)
       50:  693:	if (supplyCount(choice1, state) <= 0){
call    0 returned 50
branch  1 taken 50 (fallthrough)
branch  2 taken 0
        -:  694:	  if (DEBUG)
        -:  695:	    printf("None of that card left, sorry!\n");
        -:  696:
        -:  697:	  if (DEBUG){
        -:  698:	    printf("Cards Left: %d\n", supplyCount(choice1, state));
        -:  699:	  }
        -:  700:	}
       50:  701:	else if (state->coins < getCost(choice1)){
call    0 returned 50
branch  1 taken 0 (fallthrough)
branch  2 taken 50
    #####:  702:	  printf("That card is too expensive!\n");
call    0 never executed
        -:  703:
        -:  704:	  if (DEBUG){
        -:  705:	    printf("Coins: %d < %d\n", state->coins, getCost(choice1));
        -:  706:	  }
        -:  707:	}
        -:  708:	else{
        -:  709:
        -:  710:	  if (DEBUG){
        -:  711:	    printf("Deck Count: %d\n", state->handCount[currentPlayer] + state->deckCount[currentPlayer] + state->discardCount[currentPlayer]);
        -:  712:	  }
        -:  713:
       50:  714:	  gainCard(choice1, state, 0, currentPlayer);//Gain the card
call    0 returned 50
       50:  715:	  x = 0;//No more buying cards
        -:  716:
        -:  717:	  if (DEBUG){
        -:  718:	    printf("Deck Count: %d\n", state->handCount[currentPlayer] + state->deckCount[currentPlayer] + state->discardCount[currentPlayer]);
        -:  719:	  }
        -:  720:
        -:  721:	}
        -:  722:      }     
        -:  723:
        -:  724:      //Reset Hand
    12201:  725:      for (i = 0; i <= state->handCount[currentPlayer]; i++){
branch  0 taken 12151
branch  1 taken 50 (fallthrough)
    12151:  726:	state->hand[currentPlayer][i] = temphand[i];
    12151:  727:	temphand[i] = -1;
        -:  728:      }
        -:  729:      //Reset Hand
        -:  730:      			
       50:  731:      return 0;
        -:  732:	
        -:  733:	//REFACTORED CARD FOR ASSIGNMENT 2
        -:  734:    case gardens:
    #####:  735:		return gardens_card();
call    0 never executed
        -:  736:			
        -:  737:    case mine:
    #####:  738:      j = state->hand[currentPlayer][choice1];  //store card we will trash
        -:  739:
    #####:  740:      if (state->hand[currentPlayer][choice1] < copper || state->hand[currentPlayer][choice1] > gold)
branch  0 never executed
branch  1 never executed
branch  2 never executed
branch  3 never executed
        -:  741:	{
    #####:  742:	  return -1;
        -:  743:	}
        -:  744:		
    #####:  745:      if (choice2 > treasure_map || choice2 < curse)
branch  0 never executed
branch  1 never executed
branch  2 never executed
branch  3 never executed
        -:  746:	{
    #####:  747:	  return -1;
        -:  748:	}
        -:  749:
    #####:  750:      if ( (getCost(state->hand[currentPlayer][choice1]) + 3) > getCost(choice2) )
call    0 never executed
call    1 never executed
branch  2 never executed
branch  3 never executed
        -:  751:	{
    #####:  752:	  return -1;
        -:  753:	}
        -:  754:
    #####:  755:      gainCard(choice2, state, 2, currentPlayer);
call    0 never executed
        -:  756:
        -:  757:      //discard card from hand
    #####:  758:      discardCard(handPos, currentPlayer, state, 0);
call    0 never executed
        -:  759:
        -:  760:      //discard trashed card
    #####:  761:      for (i = 0; i < state->handCount[currentPlayer]; i++)
branch  0 never executed
branch  1 never executed
        -:  762:	{
    #####:  763:	  if (state->hand[currentPlayer][i] == j)
branch  0 never executed
branch  1 never executed
        -:  764:	    {
    #####:  765:	      discardCard(i, currentPlayer, state, 0);			
call    0 never executed
    #####:  766:	      break;
        -:  767:	    }
        -:  768:	}
        -:  769:			
    #####:  770:      return 0;
        -:  771:			
        -:  772:    case remodel:
    #####:  773:      j = state->hand[currentPlayer][choice1];  //store card we will trash
        -:  774:
    #####:  775:      if ( (getCost(state->hand[currentPlayer][choice1]) + 2) > getCost(choice2) )
call    0 never executed
call    1 never executed
branch  2 never executed
branch  3 never executed
        -:  776:	{
    #####:  777:	  return -1;
        -:  778:	}
        -:  779:
    #####:  780:      gainCard(choice2, state, 0, currentPlayer);
call    0 never executed
        -:  781:
        -:  782:      //discard card from hand
    #####:  783:      discardCard(handPos, currentPlayer, state, 0);
call    0 never executed
        -:  784:
        -:  785:      //discard trashed card
    #####:  786:      for (i = 0; i < state->handCount[currentPlayer]; i++)
branch  0 never executed
branch  1 never executed
        -:  787:	{
    #####:  788:	  if (state->hand[currentPlayer][i] == j)
branch  0 never executed
branch  1 never executed
        -:  789:	    {
    #####:  790:	      discardCard(i, currentPlayer, state, 0);			
call    0 never executed
    #####:  791:	      break;
        -:  792:	    }
        -:  793:	}
        -:  794:
    #####:  795:      return 0;
        -:  796:	
        -:  797:	//REFACTORED CARD FOR ASSIGNMENT 2
        -:  798:    case smithy:
        1:  799:		return smithy_card(state, currentPlayer, handPos);
call    0 returned 1
        -:  800:		
        -:  801:	//REFACTORED CARD FOR ASSIGNMENT 2
        -:  802:    case village:
        1:  803:		return village_card(state, currentPlayer, handPos);
call    0 returned 1
        -:  804:		
        -:  805:    case baron:
    #####:  806:      state->numBuys++;//Increase buys by 1!
    #####:  807:      if (choice1 > 0){//Boolean true or going to discard an estate
branch  0 never executed
branch  1 never executed
    #####:  808:	int p = 0;//Iterator for hand!
    #####:  809:	int card_not_discarded = 1;//Flag for discard set!
    #####:  810:	while(card_not_discarded){
branch  0 never executed
branch  1 never executed
    #####:  811:	  if (state->hand[currentPlayer][p] == estate){//Found an estate card!
branch  0 never executed
branch  1 never executed
    #####:  812:	    state->coins += 4;//Add 4 coins to the amount of coins
    #####:  813:	    state->discard[currentPlayer][state->discardCount[currentPlayer]] = state->hand[currentPlayer][p];
    #####:  814:	    state->discardCount[currentPlayer]++;
    #####:  815:	    for (;p < state->handCount[currentPlayer]; p++){
branch  0 never executed
branch  1 never executed
    #####:  816:	      state->hand[currentPlayer][p] = state->hand[currentPlayer][p+1];
        -:  817:	    }
    #####:  818:	    state->hand[currentPlayer][state->handCount[currentPlayer]] = -1;
    #####:  819:	    state->handCount[currentPlayer]--;
    #####:  820:	    card_not_discarded = 0;//Exit the loop
        -:  821:	  }
    #####:  822:	  else if (p > state->handCount[currentPlayer]){
branch  0 never executed
branch  1 never executed
        -:  823:	    if(DEBUG) {
        -:  824:	      printf("No estate cards in your hand, invalid choice\n");
        -:  825:	      printf("Must gain an estate if there are any\n");
        -:  826:	    }
    #####:  827:	    if (supplyCount(estate, state) > 0){
call    0 never executed
branch  1 never executed
branch  2 never executed
    #####:  828:	      gainCard(estate, state, 0, currentPlayer);
call    0 never executed
    #####:  829:	      state->supplyCount[estate]--;//Decrement estates
    #####:  830:	      if (supplyCount(estate, state) == 0){
call    0 never executed
branch  1 never executed
branch  2 never executed
    #####:  831:		isGameOver(state);
call    0 never executed
        -:  832:	      }
        -:  833:	    }
    #####:  834:	    card_not_discarded = 0;//Exit the loop
        -:  835:	  }
        -:  836:			    
        -:  837:	  else{
    #####:  838:	    p++;//Next card
        -:  839:	  }
        -:  840:	}
        -:  841:      }
        -:  842:			    
        -:  843:      else{
    #####:  844:	if (supplyCount(estate, state) > 0){
call    0 never executed
branch  1 never executed
branch  2 never executed
    #####:  845:	  gainCard(estate, state, 0, currentPlayer);//Gain an estate
call    0 never executed
    #####:  846:	  state->supplyCount[estate]--;//Decrement Estates
    #####:  847:	  if (supplyCount(estate, state) == 0){
call    0 never executed
branch  1 never executed
branch  2 never executed
    #####:  848:	    isGameOver(state);
call    0 never executed
        -:  849:	  }
        -:  850:	}
        -:  851:      }
        -:  852:	    
        -:  853:      
    #####:  854:      return 0;
        -:  855:		
        -:  856:    case great_hall:
        -:  857:      //+1 Card
       50:  858:      drawCard(currentPlayer, state);
call    0 returned 50
        -:  859:			
        -:  860:      //+1 Actions
       50:  861:      state->numActions++;
        -:  862:			
        -:  863:      //discard card from hand
       50:  864:      discardCard(handPos, currentPlayer, state, 0);
call    0 returned 50
       50:  865:      return 0;
        -:  866:		
        -:  867:    case minion:
        -:  868:      //+1 action
    #####:  869:      state->numActions++;
        -:  870:			
        -:  871:      //discard card from hand
    #####:  872:      discardCard(handPos, currentPlayer, state, 0);
call    0 never executed
        -:  873:			
    #####:  874:      if (choice1)		//+2 coins
branch  0 never executed
branch  1 never executed
        -:  875:	{
    #####:  876:	  state->coins = state->coins + 2;
        -:  877:	}
        -:  878:			
    #####:  879:      else if (choice2)		//discard hand, redraw 4, other players with 5+ cards discard hand and draw 4
branch  0 never executed
branch  1 never executed
        -:  880:	{
        -:  881:	  //discard hand
    #####:  882:	  while(numHandCards(state) > 0)
call    0 never executed
branch  1 never executed
branch  2 never executed
        -:  883:	    {
    #####:  884:	      discardCard(handPos, currentPlayer, state, 0);
call    0 never executed
        -:  885:	    }
        -:  886:				
        -:  887:	  //draw 4
    #####:  888:	  for (i = 0; i < 4; i++)
branch  0 never executed
branch  1 never executed
        -:  889:	    {
    #####:  890:	      drawCard(currentPlayer, state);
call    0 never executed
        -:  891:	    }
        -:  892:				
        -:  893:	  //other players discard hand and redraw if hand size > 4
    #####:  894:	  for (i = 0; i < state->numPlayers; i++)
branch  0 never executed
branch  1 never executed
        -:  895:	    {
    #####:  896:	      if (i != currentPlayer)
branch  0 never executed
branch  1 never executed
        -:  897:		{
    #####:  898:		  if ( state->handCount[i] > 4 )
branch  0 never executed
branch  1 never executed
        -:  899:		    {
        -:  900:		      //discard hand
    #####:  901:		      while( state->handCount[i] > 0 )
branch  0 never executed
branch  1 never executed
        -:  902:			{
    #####:  903:			  discardCard(handPos, i, state, 0);
call    0 never executed
        -:  904:			}
        -:  905:							
        -:  906:		      //draw 4
    #####:  907:		      for (j = 0; j < 4; j++)
branch  0 never executed
branch  1 never executed
        -:  908:			{
    #####:  909:			  drawCard(i, state);
call    0 never executed
        -:  910:			}
        -:  911:		    }
        -:  912:		}
        -:  913:	    }
        -:  914:				
        -:  915:	}
    #####:  916:      return 0;
        -:  917:		
        -:  918:    case steward:
        8:  919:      if (choice1 == 1)
branch  0 taken 1 (fallthrough)
branch  1 taken 7
        -:  920:	{
        -:  921:	  //+2 cards
        1:  922:	  drawCard(currentPlayer, state);
call    0 returned 1
        1:  923:	  drawCard(currentPlayer, state);
call    0 returned 1
        -:  924:	}
        7:  925:      else if (choice1 == 2)
branch  0 taken 1 (fallthrough)
branch  1 taken 6
        -:  926:	{
        -:  927:	  //+2 coins
        1:  928:	  state->coins = state->coins + 2;
        -:  929:	}
        -:  930:      else
        -:  931:	{
        -:  932:	  //trash 2 cards in hand
        6:  933:	  discardCard(choice2, currentPlayer, state, 1);
call    0 returned 6
        6:  934:	  discardCard(choice3, currentPlayer, state, 1);
call    0 returned 6
        -:  935:	}
        -:  936:			
        -:  937:      //discard card from hand
        8:  938:      discardCard(handPos, currentPlayer, state, 0);
call    0 returned 8
        8:  939:      return 0;
        -:  940:		
        -:  941:    case tribute:
    #####:  942:      if ((state->discardCount[nextPlayer] + state->deckCount[nextPlayer]) <= 1){
branch  0 never executed
branch  1 never executed
    #####:  943:	if (state->deckCount[nextPlayer] > 0){
branch  0 never executed
branch  1 never executed
    #####:  944:	  tributeRevealedCards[0] = state->deck[nextPlayer][state->deckCount[nextPlayer]-1];
    #####:  945:	  state->deckCount[nextPlayer]--;
        -:  946:	}
    #####:  947:	else if (state->discardCount[nextPlayer] > 0){
branch  0 never executed
branch  1 never executed
    #####:  948:	  tributeRevealedCards[0] = state->discard[nextPlayer][state->discardCount[nextPlayer]-1];
    #####:  949:	  state->discardCount[nextPlayer]--;
        -:  950:	}
        -:  951:	else{
        -:  952:	  //No Card to Reveal
        -:  953:	  if (DEBUG){
        -:  954:	    printf("No cards to reveal\n");
        -:  955:	  }
        -:  956:	}
        -:  957:      }
        -:  958:	    
        -:  959:      else{
    #####:  960:	if (state->deckCount[nextPlayer] == 0){
branch  0 never executed
branch  1 never executed
    #####:  961:	  for (i = 0; i < state->discardCount[nextPlayer]; i++){
branch  0 never executed
branch  1 never executed
    #####:  962:	    state->deck[nextPlayer][i] = state->discard[nextPlayer][i];//Move to deck
    #####:  963:	    state->deckCount[nextPlayer]++;
    #####:  964:	    state->discard[nextPlayer][i] = -1;
    #####:  965:	    state->discardCount[nextPlayer]--;
        -:  966:	  }
        -:  967:			    
    #####:  968:	  shuffle(nextPlayer,state);//Shuffle the deck
call    0 never executed
        -:  969:	} 
    #####:  970:	tributeRevealedCards[0] = state->deck[nextPlayer][state->deckCount[nextPlayer]-1];
    #####:  971:	state->deck[nextPlayer][state->deckCount[nextPlayer]--] = -1;
    #####:  972:	state->deckCount[nextPlayer]--;
    #####:  973:	tributeRevealedCards[1] = state->deck[nextPlayer][state->deckCount[nextPlayer]-1];
    #####:  974:	state->deck[nextPlayer][state->deckCount[nextPlayer]--] = -1;
    #####:  975:	state->deckCount[nextPlayer]--;
        -:  976:      }    
        -:  977:		       
    #####:  978:      if (tributeRevealedCards[0] == tributeRevealedCards[1]){//If we have a duplicate card, just drop one 
branch  0 never executed
branch  1 never executed
    #####:  979:	state->playedCards[state->playedCardCount] = tributeRevealedCards[1];
    #####:  980:	state->playedCardCount++;
    #####:  981:	tributeRevealedCards[1] = -1;
        -:  982:      }
        -:  983:
    #####:  984:      for (i = 0; i <= 2; i ++){
branch  0 never executed
branch  1 never executed
    #####:  985:	if (tributeRevealedCards[i] == copper || tributeRevealedCards[i] == silver || tributeRevealedCards[i] == gold){//Treasure cards
branch  0 never executed
branch  1 never executed
branch  2 never executed
branch  3 never executed
branch  4 never executed
branch  5 never executed
    #####:  986:	  state->coins += 2;
        -:  987:	}
        -:  988:		    
    #####:  989:	else if (tributeRevealedCards[i] == estate || tributeRevealedCards[i] == duchy || tributeRevealedCards[i] == province || tributeRevealedCards[i] == gardens || tributeRevealedCards[i] == great_hall){//Victory Card Found
branch  0 never executed
branch  1 never executed
branch  2 never executed
branch  3 never executed
branch  4 never executed
branch  5 never executed
branch  6 never executed
branch  7 never executed
branch  8 never executed
branch  9 never executed
    #####:  990:	  drawCard(currentPlayer, state);
call    0 never executed
    #####:  991:	  drawCard(currentPlayer, state);
call    0 never executed
        -:  992:	}
        -:  993:	else{//Action Card
    #####:  994:	  state->numActions = state->numActions + 2;
        -:  995:	}
        -:  996:      }
        -:  997:	    
    #####:  998:      return 0;
        -:  999:		
        -: 1000:    case ambassador:
    #####: 1001:      j = 0;		//used to check if player has enough cards to discard
        -: 1002:
    #####: 1003:      if (choice2 > 2 || choice2 < 0)
branch  0 never executed
branch  1 never executed
branch  2 never executed
branch  3 never executed
        -: 1004:	{
    #####: 1005:	  return -1;				
        -: 1006:	}
        -: 1007:
    #####: 1008:      if (choice1 == handPos)
branch  0 never executed
branch  1 never executed
        -: 1009:	{
    #####: 1010:	  return -1;
        -: 1011:	}
        -: 1012:
    #####: 1013:      for (i = 0; i < state->handCount[currentPlayer]; i++)
branch  0 never executed
branch  1 never executed
        -: 1014:	{
    #####: 1015:	  if (i != handPos && i == state->hand[currentPlayer][choice1] && i != choice1)
branch  0 never executed
branch  1 never executed
branch  2 never executed
branch  3 never executed
branch  4 never executed
branch  5 never executed
        -: 1016:	    {
    #####: 1017:	      j++;
        -: 1018:	    }
        -: 1019:	}
    #####: 1020:      if (j < choice2)
branch  0 never executed
branch  1 never executed
        -: 1021:	{
    #####: 1022:	  return -1;				
        -: 1023:	}
        -: 1024:
        -: 1025:      if (DEBUG) 
        -: 1026:	printf("Player %d reveals card number: %d\n", currentPlayer, state->hand[currentPlayer][choice1]);
        -: 1027:
        -: 1028:      //increase supply count for choosen card by amount being discarded
    #####: 1029:      state->supplyCount[state->hand[currentPlayer][choice1]] += choice2;
        -: 1030:			
        -: 1031:      //each other player gains a copy of revealed card
    #####: 1032:      for (i = 0; i < state->numPlayers; i++)
branch  0 never executed
branch  1 never executed
        -: 1033:	{
    #####: 1034:	  if (i != currentPlayer)
branch  0 never executed
branch  1 never executed
        -: 1035:	    {
    #####: 1036:	      gainCard(state->hand[currentPlayer][choice1], state, 0, i);
call    0 never executed
        -: 1037:	    }
        -: 1038:	}
        -: 1039:
        -: 1040:      //discard played card from hand
    #####: 1041:      discardCard(handPos, currentPlayer, state, 0);			
call    0 never executed
        -: 1042:
        -: 1043:      //trash copies of cards returned to supply
    #####: 1044:      for (j = 0; j < choice2; j++)
branch  0 never executed
branch  1 never executed
        -: 1045:	{
    #####: 1046:	  for (i = 0; i < state->handCount[currentPlayer]; i++)
branch  0 never executed
branch  1 never executed
        -: 1047:	    {
    #####: 1048:	      if (state->hand[currentPlayer][i] == state->hand[currentPlayer][choice1])
branch  0 never executed
branch  1 never executed
        -: 1049:		{
    #####: 1050:		  discardCard(i, currentPlayer, state, 1);
call    0 never executed
    #####: 1051:		  break;
        -: 1052:		}
        -: 1053:	    }
        -: 1054:	}			
        -: 1055:
    #####: 1056:      return 0;
        -: 1057:		
        -: 1058:    case cutpurse:
        -: 1059:
    #####: 1060:      updateCoins(currentPlayer, state, 2);
call    0 never executed
    #####: 1061:      for (i = 0; i < state->numPlayers; i++)
branch  0 never executed
branch  1 never executed
        -: 1062:	{
    #####: 1063:	  if (i != currentPlayer)
branch  0 never executed
branch  1 never executed
        -: 1064:	    {
    #####: 1065:	      for (j = 0; j < state->handCount[i]; j++)
branch  0 never executed
branch  1 never executed
        -: 1066:		{
    #####: 1067:		  if (state->hand[i][j] == copper)
branch  0 never executed
branch  1 never executed
        -: 1068:		    {
    #####: 1069:		      discardCard(j, i, state, 0);
call    0 never executed
    #####: 1070:		      break;
        -: 1071:		    }
    #####: 1072:		  if (j == state->handCount[i])
branch  0 never executed
branch  1 never executed
        -: 1073:		    {
    #####: 1074:		      for (k = 0; k < state->handCount[i]; k++)
branch  0 never executed
branch  1 never executed
        -: 1075:			{
        -: 1076:			  if (DEBUG)
        -: 1077:			    printf("Player %d reveals card number %d\n", i, state->hand[i][k]);
        -: 1078:			}	
    #####: 1079:		      break;
        -: 1080:		    }		
        -: 1081:		}
        -: 1082:					
        -: 1083:	    }
        -: 1084:				
        -: 1085:	}				
        -: 1086:
        -: 1087:      //discard played card from hand
    #####: 1088:      discardCard(handPos, currentPlayer, state, 0);			
call    0 never executed
        -: 1089:
    #####: 1090:      return 0;
        -: 1091:
        -: 1092:		
        -: 1093:    case embargo: 
        -: 1094:      //+2 Coins
    #####: 1095:      state->coins = state->coins + 2;
        -: 1096:			
        -: 1097:      //see if selected pile is in play
    #####: 1098:      if ( state->supplyCount[choice1] == -1 )
branch  0 never executed
branch  1 never executed
        -: 1099:	{
    #####: 1100:	  return -1;
        -: 1101:	}
        -: 1102:			
        -: 1103:      //add embargo token to selected supply pile
    #####: 1104:      state->embargoTokens[choice1]++;
        -: 1105:			
        -: 1106:      //trash card
    #####: 1107:      discardCard(handPos, currentPlayer, state, 1);		
call    0 never executed
    #####: 1108:      return 0;
        -: 1109:		
        -: 1110:    case outpost:
        -: 1111:      //set outpost flag
        1: 1112:      state->outpostPlayed++;
        -: 1113:			
        -: 1114:      //discard card
        1: 1115:      discardCard(handPos, currentPlayer, state, 0);
call    0 returned 1
        1: 1116:      return 0;
        -: 1117:		
        -: 1118:    case salvager:
        -: 1119:      //+1 buy
    #####: 1120:      state->numBuys++;
        -: 1121:			
    #####: 1122:      if (choice1)
branch  0 never executed
branch  1 never executed
        -: 1123:	{
        -: 1124:	  //gain coins equal to trashed card
    #####: 1125:	  state->coins = state->coins + getCost( handCard(choice1, state) );
call    0 never executed
call    1 never executed
        -: 1126:	  //trash card
    #####: 1127:	  discardCard(choice1, currentPlayer, state, 1);	
call    0 never executed
        -: 1128:	}
        -: 1129:			
        -: 1130:      //discard card
    #####: 1131:      discardCard(handPos, currentPlayer, state, 0);
call    0 never executed
    #####: 1132:      return 0;
        -: 1133:		
        -: 1134:    case sea_hag:
    #####: 1135:      for (i = 0; i < state->numPlayers; i++){
branch  0 never executed
branch  1 never executed
    #####: 1136:	if (i != currentPlayer){
branch  0 never executed
branch  1 never executed
    #####: 1137:	  state->discard[i][state->discardCount[i]] = state->deck[i][state->deckCount[i]--];			    state->deckCount[i]--;
    #####: 1138:	  state->discardCount[i]++;
    #####: 1139:	  state->deck[i][state->deckCount[i]--] = curse;//Top card now a curse
        -: 1140:	}
        -: 1141:      }
    #####: 1142:      return 0;
        -: 1143:		
        -: 1144:    case treasure_map:
        -: 1145:      //search hand for another treasure_map
    #####: 1146:      index = -1;
    #####: 1147:      for (i = 0; i < state->handCount[currentPlayer]; i++)
branch  0 never executed
branch  1 never executed
        -: 1148:	{
    #####: 1149:	  if (state->hand[currentPlayer][i] == treasure_map && i != handPos)
branch  0 never executed
branch  1 never executed
branch  2 never executed
branch  3 never executed
        -: 1150:	    {
    #####: 1151:	      index = i;
    #####: 1152:	      break;
        -: 1153:	    }
        -: 1154:	}
    #####: 1155:      if (index > -1)
branch  0 never executed
branch  1 never executed
        -: 1156:	{
        -: 1157:	  //trash both treasure cards
    #####: 1158:	  discardCard(handPos, currentPlayer, state, 1);
call    0 never executed
    #####: 1159:	  discardCard(index, currentPlayer, state, 1);
call    0 never executed
        -: 1160:
        -: 1161:	  //gain 4 Gold cards
    #####: 1162:	  for (i = 0; i < 4; i++)
branch  0 never executed
branch  1 never executed
        -: 1163:	    {
    #####: 1164:	      gainCard(gold, state, 1, currentPlayer);
call    0 never executed
        -: 1165:	    }
        -: 1166:				
        -: 1167:	  //return success
    #####: 1168:	  return 1;
        -: 1169:	}
        -: 1170:			
        -: 1171:      //no second treasure_map found in hand
    #####: 1172:      return -1;
        -: 1173:    }
        -: 1174:	
    #####: 1175:  return -1;
        -: 1176:}
        -: 1177:
function discardCard called 123 returned 100% blocks executed 89%
      123: 1178:int discardCard(int handPos, int currentPlayer, struct gameState *state, int trashFlag)
        -: 1179:{
        -: 1180:	
        -: 1181:  //if card is not trashed, added to Played pile 
      123: 1182:  if (trashFlag < 1)
branch  0 taken 111 (fallthrough)
branch  1 taken 12
        -: 1183:    {
        -: 1184:      //add card to played pile
      111: 1185:      state->playedCards[state->playedCardCount] = state->hand[currentPlayer][handPos]; 
      111: 1186:      state->playedCardCount++;
        -: 1187:    }
        -: 1188:	
        -: 1189:  //set played card to -1
      123: 1190:  state->hand[currentPlayer][handPos] = -1;
        -: 1191:	
        -: 1192:  //remove card from player's hand
      123: 1193:  if ( handPos == (state->handCount[currentPlayer] - 1) ) 	//last card in hand array is played
branch  0 taken 4 (fallthrough)
branch  1 taken 119
        -: 1194:    {
        -: 1195:      //reduce number of cards in hand
        4: 1196:      state->handCount[currentPlayer]--;
        -: 1197:    }
      119: 1198:  else if ( state->handCount[currentPlayer] == 1 ) //only one card in hand
branch  0 taken 0 (fallthrough)
branch  1 taken 119
        -: 1199:    {
        -: 1200:      //reduce number of cards in hand
    #####: 1201:      state->handCount[currentPlayer]--;
        -: 1202:    }
        -: 1203:  else 	
        -: 1204:    {
        -: 1205:      //replace discarded card with last card in hand
      119: 1206:      state->hand[currentPlayer][handPos] = state->hand[currentPlayer][ (state->handCount[currentPlayer] - 1)];
        -: 1207:      //set last card to -1
      119: 1208:      state->hand[currentPlayer][state->handCount[currentPlayer] - 1] = -1;
        -: 1209:      //reduce number of cards in hand
      119: 1210:      state->handCount[currentPlayer]--;
        -: 1211:    }
        -: 1212:	
      123: 1213:  return 0;
        -: 1214:}
        -: 1215:
function gainCard called 51 returned 100% blocks executed 70%
       51: 1216:int gainCard(int supplyPos, struct gameState *state, int toFlag, int player)
        -: 1217:{
        -: 1218:  //Note: supplyPos is enum of choosen card
        -: 1219:	
        -: 1220:  //check if supply pile is empty (0) or card is not used in game (-1)
       51: 1221:  if ( supplyCount(supplyPos, state) < 1 )
call    0 returned 51
branch  1 taken 0 (fallthrough)
branch  2 taken 51
        -: 1222:    {
    #####: 1223:      return -1;
        -: 1224:    }
        -: 1225:	
        -: 1226:  //added card for [whoseTurn] current player:
        -: 1227:  // toFlag = 0 : add to discard
        -: 1228:  // toFlag = 1 : add to deck
        -: 1229:  // toFlag = 2 : add to hand
        -: 1230:
       51: 1231:  if (toFlag == 1)
branch  0 taken 0 (fallthrough)
branch  1 taken 51
        -: 1232:    {
    #####: 1233:      state->deck[ player ][ state->deckCount[player] ] = supplyPos;
    #####: 1234:      state->deckCount[player]++;
        -: 1235:    }
       51: 1236:  else if (toFlag == 2)
branch  0 taken 0 (fallthrough)
branch  1 taken 51
        -: 1237:    {
    #####: 1238:      state->hand[ player ][ state->handCount[player] ] = supplyPos;
    #####: 1239:      state->handCount[player]++;
        -: 1240:    }
        -: 1241:  else
        -: 1242:    {
       51: 1243:      state->discard[player][ state->discardCount[player] ] = supplyPos;
       51: 1244:      state->discardCount[player]++;
        -: 1245:    }
        -: 1246:	
        -: 1247:  //decrease number in supply pile
       51: 1248:  state->supplyCount[supplyPos]--;
        -: 1249:	 
       51: 1250:  return 0;
        -: 1251:}
        -: 1252:
function updateCoins called 126 returned 100% blocks executed 82%
      126: 1253:int updateCoins(int player, struct gameState *state, int bonus)
        -: 1254:{
        -: 1255:  int i;
        -: 1256:	
        -: 1257:  //reset coin count
      126: 1258:  state->coins = 0;
        -: 1259:
        -: 1260:  //add coins for each Treasure card in player's hand
    12607: 1261:  for (i = 0; i < state->handCount[player]; i++)
branch  0 taken 12481
branch  1 taken 126 (fallthrough)
        -: 1262:    {
    12481: 1263:      if (state->hand[player][i] == copper)
branch  0 taken 272 (fallthrough)
branch  1 taken 12209
        -: 1264:	{
      272: 1265:	  state->coins += 1;
        -: 1266:	}
    12209: 1267:      else if (state->hand[player][i] == silver)
branch  0 taken 0 (fallthrough)
branch  1 taken 12209
        -: 1268:	{
    #####: 1269:	  state->coins += 2;
        -: 1270:	}
    12209: 1271:      else if (state->hand[player][i] == gold)
branch  0 taken 0 (fallthrough)
branch  1 taken 12209
        -: 1272:	{
    #####: 1273:	  state->coins += 3;
        -: 1274:	}	
        -: 1275:    }	
        -: 1276:
        -: 1277:  //add bonus
      126: 1278:  state->coins += bonus;
        -: 1279:
      126: 1280:  return 0;
        -: 1281:}
        -: 1282:
        -: 1283://REFACTORED CARD FOR ASSIGNMENT 2
        -: 1284://No bug introduced, however bug found that it never discards the adventurer card after it is drawn.
function adventurer_card called 51 returned 100% blocks executed 100%
       51: 1285:int adventurer_card (struct gameState *state, int currentPlayer) {
        -: 1286:  
        -: 1287:  int temphand[MAX_DECK];
       51: 1288:  int z = 0; // this is the counter for the temp hand
       51: 1289:  int cardDrawn=0;
       51: 1290:  int drawntreasure=0;
        -: 1291:  
    13015: 1292:  while(drawntreasure<2){
branch  0 taken 12913
branch  1 taken 51 (fallthrough)
    12913: 1293:	if (state->deckCount[currentPlayer] <1){//if the deck is empty we need to shuffle discard and add to deck
branch  0 taken 8 (fallthrough)
branch  1 taken 12905
        8: 1294:	  shuffle(currentPlayer, state);
call    0 returned 8
        -: 1295:	}
    12913: 1296:	drawCard(currentPlayer, state);
call    0 returned 12913
    12913: 1297:	cardDrawn = state->hand[currentPlayer][state->handCount[currentPlayer]-1];//top card of hand is most recently drawn card.
    12913: 1298:	if (cardDrawn == copper || cardDrawn == silver || cardDrawn == gold)
branch  0 taken 12811 (fallthrough)
branch  1 taken 102
branch  2 taken 12811 (fallthrough)
branch  3 taken 0
branch  4 taken 0 (fallthrough)
branch  5 taken 12811
      102: 1299:	  drawntreasure++;
        -: 1300:	else{
    12811: 1301:	  temphand[z]=cardDrawn;
    12811: 1302:	  state->handCount[currentPlayer]--; //this should just remove the top card (the most recently drawn one).
    12811: 1303:	  z++;
        -: 1304:	}
        -: 1305:  }
    12410: 1306:  while(z-1>=0){
branch  0 taken 12308
branch  1 taken 51 (fallthrough)
    12308: 1307:	state->discard[currentPlayer][state->discardCount[currentPlayer]++]=temphand[z-1]; // discard all cards in play that have been drawn
    12308: 1308:	z=z-1;
        -: 1309:  }
       51: 1310:      return 0;
        -: 1311:}
        -: 1312:
        -: 1313:
        -: 1314://REFACTORED CARD FOR ASSIGNMENT 2
        -: 1315://BUG INTRODUCED: +2 cards instead of +4 in first for loop
function council_room_card called 50 returned 100% blocks executed 100%
       50: 1316:int council_room_card(struct gameState *state, int currentPlayer, int handPos) {
        -: 1317:      //+4 Cards
        -: 1318:	  int i;
      150: 1319:      for (i = 0; i < 2; i++)
branch  0 taken 100
branch  1 taken 50 (fallthrough)
        -: 1320:	{
      100: 1321:	  drawCard(currentPlayer, state);
call    0 returned 100
        -: 1322:	}
        -: 1323:			
        -: 1324:      //+1 Buy
       50: 1325:      state->numBuys++;
        -: 1326:			
        -: 1327:      //Each other player draws a card
      169: 1328:      for (i = 0; i < state->numPlayers; i++)
branch  0 taken 119
branch  1 taken 50 (fallthrough)
        -: 1329:	{
      119: 1330:	  if ( i != currentPlayer )
branch  0 taken 69 (fallthrough)
branch  1 taken 50
        -: 1331:	    {
       69: 1332:	      drawCard(i, state);
call    0 returned 69
        -: 1333:	    }
        -: 1334:	}
        -: 1335:			
        -: 1336:      //put played card in played card pile
       50: 1337:      discardCard(handPos, currentPlayer, state, 0);
call    0 returned 50
        -: 1338:			
       50: 1339:      return 0;
        -: 1340:}
        -: 1341:
        -: 1342:
        -: 1343://REFACTORED CARD FOR ASSIGNMENT 2
        -: 1344://BUG INTRODUCED: returns 0 instead of -1
function gardens_card called 0 returned 0% blocks executed 0%
    #####: 1345:int gardens_card() {
    #####: 1346:	return 0;
        -: 1347:}
        -: 1348:
        -: 1349:
        -: 1350://REFACTORED CARD FOR ASSIGNMENT 2
        -: 1351://BUG INTRODUCED: +2 cards instead of +3 in first for loop
function smithy_card called 1 returned 100% blocks executed 100%
        1: 1352:int smithy_card(struct gameState *state, int currentPlayer, int handPos) {
        -: 1353:	
        -: 1354:	//+3 Cards
        1: 1355:	int i=0;
        3: 1356:    for (i = 0; i < 2; i++)
branch  0 taken 2
branch  1 taken 1 (fallthrough)
        -: 1357:	{
        2: 1358:	  drawCard(currentPlayer, state);
call    0 returned 2
        -: 1359:	}
        -: 1360:			
        -: 1361:    //discard card from hand
        1: 1362:    discardCard(handPos, currentPlayer, state, 0);
call    0 returned 1
        1: 1363:    return 0;	
        -: 1364:}
        -: 1365:
        -: 1366:
        -: 1367://REFACTORED CARD FOR ASSIGNMENT 2
        -: 1368://BUG INTRODUCED: numActions + 5 instead of numActions + 2
function village_card called 1 returned 100% blocks executed 100%
        1: 1369:int village_card(struct gameState *state, int currentPlayer, int handPos) {
        -: 1370:    //+1 Card
        1: 1371:    drawCard(currentPlayer, state);
call    0 returned 1
        -: 1372:			
        -: 1373:    //+2 Actions
        1: 1374:    state->numActions = state->numActions + 5;
        -: 1375:			
        -: 1376:    //discard played card from hand
        1: 1377:    discardCard(handPos, currentPlayer, state, 0);
call    0 returned 1
        1: 1378:    return 0;	
        -: 1379:}
        -: 1380:
        -: 1381:
        -: 1382://end of dominion.c
        -: 1383:
